[2025-06-06 18:36:45] premium accessed 1.mp4
[2025-06-06 18:37:09] premium accessed 1.mp4
[2025-06-06 18:37:23] user accessed 1.mp4
[2025-06-06 18:37:28] user accessed 1.mp4
[2025-06-06 18:38:13] user accessed 6637632710300.mp4
[2025-06-06 18:38:20] user accessed 6637632710300.mp4
[2025-06-06 18:40:40] user accessed 6637632710300.mp4
[2025-06-06 18:40:53] user accessed 6637632710300.mp4
[2025-06-06 18:42:16] user accessed 6637632710300.mp4
[2025-06-06 18:42:40] user accessed 6637632710300.mp4
[2025-06-06 18:45:33] user accessed 2.mp4
[2025-06-06 18:45:43] user accessed 2.mp4
[2025-06-06 18:47:54] user accessed 2.mp4
[2025-06-06 18:49:22] user accessed 2.mp4
[2025-06-06 18:49:42] user accessed 2.mp4
[2025-06-06 18:52:13] user accessed 2.mp4
[2025-06-06 18:52:46] user accessed 2.mp4
[2025-06-06 18:56:08] user accessed 2.mp4
[2025-06-06 19:01:09] user accessed 3.mp4
[2025-06-06 19:01:15] user accessed 3.mp4
[2025-06-06 19:06:39] user accessed 3.mp4
[2025-06-06 19:06:46] user accessed 3.mp4
[2025-06-06 19:08:49] user accessed 3.mp4
[2025-06-06 19:39:21] user accessed 6637632710300.mp4
[2025-06-06 19:39:30] user accessed 6637632710300.mp4
[2025-06-06 19:39:40] user accessed 6637632710300.mp4
[2025-06-06 19:41:13] user accessed 6637632710300.mp4
[2025-06-06 19:42:26] user accessed 6637632710300.mp4
[2025-06-06 19:42:36] user accessed 6637632710300.mp4
[2025-06-06 19:42:36] user accessed 6637632710300.mp4
[2025-06-08 12:27:48] user accessed haha.mp4
[2025-06-08 12:27:52] user accessed haha.mp4
[2025-06-08 12:27:52] user accessed haha.mp4
[2025-06-08 12:30:04] user accessed hihi.mp4
[2025-06-08 12:30:04] user accessed hihi.mp4
[2025-06-08 12:30:04] user accessed hihi.mp4
[2025-06-08 12:41:53] user accessed hihi.mp4
[2025-06-08 12:41:53] user accessed hihi.mp4
[2025-06-08 12:41:54] user accessed hihi.mp4
[2025-06-08 12:41:54] user accessed hihi.mp4
[2025-06-08 12:41:54] user accessed hihi.mp4
[2025-06-08 12:41:57] user accessed haha.mp4
[2025-06-08 12:45:39] user accessed haha.mp4
[2025-06-08 12:45:39] user accessed haha.mp4
[2025-06-08 12:50:06] user accessed hihi.mp4
[2025-06-08 12:50:06] user accessed hihi.mp4
[2025-06-08 12:50:06] user accessed hihi.mp4
[2025-06-08 16:23:48] user accessed Review_Phim_Tu_Hoc_Sinh_Gioi_Bi_Bat_Nat_Thanh_Chien_Binh_Hoc_uong_One_High_School_Heroes_2025.mp4
[2025-06-08 16:23:49] user accessed Review_Phim_Tu_Hoc_Sinh_Gioi_Bi_Bat_Nat_Thanh_Chien_Binh_Hoc_uong_One_High_School_Heroes_2025.mp4
[2025-06-08 17:12:07] user accessed Review_Phim_Tu_Hoc_Sinh_Gioi_Bi_Bat_Nat_Thanh_Chien_Binh_Hoc_uong_One_High_School_Heroes_2025.mp4
[2025-06-08 17:12:07] user accessed Review_Phim_Tu_Hoc_Sinh_Gioi_Bi_Bat_Nat_Thanh_Chien_Binh_Hoc_uong_One_High_School_Heroes_2025.mp4
[2025-06-08 17:12:08] user accessed Review_Phim_Tu_Hoc_Sinh_Gioi_Bi_Bat_Nat_Thanh_Chien_Binh_Hoc_uong_One_High_School_Heroes_2025.mp4
[2025-06-08 17:12:08] user accessed Review_Phim_Tu_Hoc_Sinh_Gioi_Bi_Bat_Nat_Thanh_Chien_Binh_Hoc_uong_One_High_School_Heroes_2025.mp4
[2025-06-08 17:12:08] user accessed Review_Phim_Tu_Hoc_Sinh_Gioi_Bi_Bat_Nat_Thanh_Chien_Binh_Hoc_uong_One_High_School_Heroes_2025.mp4
[2025-06-08 17:12:09] user accessed Review_Phim_Tu_Hoc_Sinh_Gioi_Bi_Bat_Nat_Thanh_Chien_Binh_Hoc_uong_One_High_School_Heroes_2025.mp4
[2025-06-08 17:12:09] user accessed Review_Phim_Tu_Hoc_Sinh_Gioi_Bi_Bat_Nat_Thanh_Chien_Binh_Hoc_uong_One_High_School_Heroes_2025.mp4
[2025-06-08 17:12:10] user accessed Review_Phim_Tu_Hoc_Sinh_Gioi_Bi_Bat_Nat_Thanh_Chien_Binh_Hoc_uong_One_High_School_Heroes_2025.mp4
[2025-06-08 17:12:11] user accessed Review_Phim_Tu_Hoc_Sinh_Gioi_Bi_Bat_Nat_Thanh_Chien_Binh_Hoc_uong_One_High_School_Heroes_2025.mp4
[2025-06-08 17:12:13] user accessed Review_Phim_Tu_Hoc_Sinh_Gioi_Bi_Bat_Nat_Thanh_Chien_Binh_Hoc_uong_One_High_School_Heroes_2025.mp4
[2025-06-08 17:12:14] user accessed Review_Phim_Tu_Hoc_Sinh_Gioi_Bi_Bat_Nat_Thanh_Chien_Binh_Hoc_uong_One_High_School_Heroes_2025.mp4
[2025-06-08 17:12:14] user accessed Review_Phim_Tu_Hoc_Sinh_Gioi_Bi_Bat_Nat_Thanh_Chien_Binh_Hoc_uong_One_High_School_Heroes_2025.mp4
[2025-06-08 17:12:19] user accessed Review_Phim_Tu_Hoc_Sinh_Gioi_Bi_Bat_Nat_Thanh_Chien_Binh_Hoc_uong_One_High_School_Heroes_2025.mp4
[2025-06-08 17:12:21] user accessed Review_Phim_Tu_Hoc_Sinh_Gioi_Bi_Bat_Nat_Thanh_Chien_Binh_Hoc_uong_One_High_School_Heroes_2025.mp4
[2025-06-09 06:31:42] user accessed Review_Phim_Tu_Hoc_Sinh_Gioi_Bi_Bat_Nat_Thanh_Chien_Binh_Hoc_uong_One_High_School_Heroes_2025.mp4
[2025-06-09 06:31:42] user accessed Review_Phim_Tu_Hoc_Sinh_Gioi_Bi_Bat_Nat_Thanh_Chien_Binh_Hoc_uong_One_High_School_Heroes_2025.mp4
[2025-06-09 06:31:44] user accessed Review_Phim_Tu_Hoc_Sinh_Gioi_Bi_Bat_Nat_Thanh_Chien_Binh_Hoc_uong_One_High_School_Heroes_2025.mp4
[2025-06-09 07:00:39] premium accessed 1.mp4
[2025-06-09 07:00:45] premium accessed 1.mp4
